app/build/intermediates/manifest_merge_blame_file/debug/manifest-merger-blame-debug-report.txt
1<?xml version="1.0" encoding="utf-8"?>
2<manifest xmlns:android="http://schemas.android.com/apk/res/android"
3    package="com.wall.mob"
4    android:versionCode="101"
5    android:versionName="1.0.1" >
6
7    <uses-sdk
8        android:minSdkVersion="23"
9        android:targetSdkVersion="34" />
10
11    <uses-permission android:name="android.permission.INTERNET" />
11-->src/main/AndroidManifest.xml:3:2-64
11-->src/main/AndroidManifest.xml:3:19-61
12    <uses-permission android:name="android.permission.ACCESS_NETWORK_STATE" />
12-->src/main/AndroidManifest.xml:4:2-76
12-->src/main/AndroidManifest.xml:4:19-73
13    <uses-permission android:name="android.permission.SET_WALLPAPER" />
13-->src/main/AndroidManifest.xml:5:2-69
13-->src/main/AndroidManifest.xml:5:19-66
14    <uses-permission android:name="android.permission.POST_NOTIFICATIONS" />
14-->src/main/AndroidManifest.xml:6:2-74
14-->src/main/AndroidManifest.xml:6:19-71
15    <uses-permission android:name="android.permission.WAKE_LOCK" />
15-->src/main/AndroidManifest.xml:7:2-65
15-->src/main/AndroidManifest.xml:7:19-62
16    <uses-permission android:name="com.google.android.c2dm.permission.RECEIVE" />
16-->src/main/AndroidManifest.xml:8:2-79
16-->src/main/AndroidManifest.xml:8:19-76
17    <uses-permission
17-->src/main/AndroidManifest.xml:9:2-105
18        android:name="android.permission.WRITE_EXTERNAL_STORAGE"
18-->src/main/AndroidManifest.xml:9:19-75
19        android:maxSdkVersion="32" />
19-->src/main/AndroidManifest.xml:9:76-102
20    <uses-permission android:name="android.permission.READ_MEDIA_IMAGES" />
20-->src/main/AndroidManifest.xml:11:1-72
20-->src/main/AndroidManifest.xml:11:18-69
21    <uses-permission android:name="com.google.android.gms.permission.AD_ID" />
21-->[com.unity3d.ads:unity-ads:4.10.0] AndroidManifest.xml:10:5-79
21-->[com.unity3d.ads:unity-ads:4.10.0] AndroidManifest.xml:10:22-76
22
23    <queries>
23-->[com.facebook.android:facebook-common:16.3.0] AndroidManifest.xml:17:5-19:15
24        <package android:name="com.facebook.katana" />
24-->[com.facebook.android:facebook-common:16.3.0] AndroidManifest.xml:18:9-55
24-->[com.facebook.android:facebook-common:16.3.0] AndroidManifest.xml:18:18-52
25    </queries>
26
27    <uses-permission android:name="android.permission.RECEIVE_BOOT_COMPLETED" />
27-->[androidx.work:work-runtime:2.8.1] AndroidManifest.xml:25:5-81
27-->[androidx.work:work-runtime:2.8.1] AndroidManifest.xml:25:22-78
28    <uses-permission android:name="android.permission.FOREGROUND_SERVICE" />
28-->[androidx.work:work-runtime:2.8.1] AndroidManifest.xml:26:5-77
28-->[androidx.work:work-runtime:2.8.1] AndroidManifest.xml:26:22-74
29    <uses-permission android:name="android.permission.ACCESS_ADSERVICES_ATTRIBUTION" />
29-->[com.google.android.gms:play-services-measurement-api:21.5.0] AndroidManifest.xml:26:5-88
29-->[com.google.android.gms:play-services-measurement-api:21.5.0] AndroidManifest.xml:26:22-85
30    <uses-permission android:name="android.permission.ACCESS_ADSERVICES_AD_ID" />
30-->[com.google.android.gms:play-services-measurement-api:21.5.0] AndroidManifest.xml:27:5-82
30-->[com.google.android.gms:play-services-measurement-api:21.5.0] AndroidManifest.xml:27:22-79
31    <uses-permission android:name="com.google.android.finsky.permission.BIND_GET_INSTALL_REFERRER_SERVICE" />
31-->[com.google.android.gms:play-services-measurement:21.5.0] AndroidManifest.xml:26:5-110
31-->[com.google.android.gms:play-services-measurement:21.5.0] AndroidManifest.xml:26:22-107
32
33    <permission
33-->[androidx.core:core:1.13.0] AndroidManifest.xml:22:5-24:47
34        android:name="com.wall.mob.DYNAMIC_RECEIVER_NOT_EXPORTED_PERMISSION"
34-->[androidx.core:core:1.13.0] AndroidManifest.xml:23:9-81
35        android:protectionLevel="signature" />
35-->[androidx.core:core:1.13.0] AndroidManifest.xml:24:9-44
36
37    <uses-permission android:name="com.wall.mob.DYNAMIC_RECEIVER_NOT_EXPORTED_PERMISSION" />
37-->[androidx.core:core:1.13.0] AndroidManifest.xml:26:5-97
37-->[androidx.core:core:1.13.0] AndroidManifest.xml:26:22-94
38
39    <application
39-->src/main/AndroidManifest.xml:13:2-266:16
40        android:name="com.wall.mob.SketchApplication"
40-->src/main/AndroidManifest.xml:17:3-36
41        android:allowBackup="true"
41-->src/main/AndroidManifest.xml:14:3-29
42        android:appComponentFactory="androidx.core.app.CoreComponentFactory"
42-->[androidx.core:core:1.13.0] AndroidManifest.xml:28:18-86
43        android:debuggable="true"
44        android:extractNativeLibs="false"
45        android:icon="@mipmap/ic_launcher"
45-->src/main/AndroidManifest.xml:15:3-37
46        android:label="@string/app_name"
46-->src/main/AndroidManifest.xml:16:3-35
47        android:supportsRtl="true"
47-->[com.facebook.android:facebook-login:16.3.0] AndroidManifest.xml:16:18-44
48        android:theme="@style/AppTheme"
48-->src/main/AndroidManifest.xml:19:3-34
49        android:usesCleartextTraffic="false" >
49-->src/main/AndroidManifest.xml:18:3-39
50
51        <!-- NEW LAUNCHER: Login Screen opens first -->
52        <activity
52-->src/main/AndroidManifest.xml:22:2-34:12
53            android:name="com.wall.mob.LoginActivity"
53-->src/main/AndroidManifest.xml:23:5-34
54            android:configChanges="orientation|screenSize|keyboardHidden|smallestScreenSize|screenLayout|uiMode|locale|layoutDirection"
54-->src/main/AndroidManifest.xml:24:5-128
55            android:exported="true"
55-->src/main/AndroidManifest.xml:29:5-28
56            android:hardwareAccelerated="true"
56-->src/main/AndroidManifest.xml:25:5-39
57            android:screenOrientation="portrait"
57-->src/main/AndroidManifest.xml:28:5-41
58            android:supportsPictureInPicture="true"
58-->src/main/AndroidManifest.xml:27:5-44
59            android:theme="@style/Theme.App.Starting" >
59-->src/main/AndroidManifest.xml:26:5-46
60            <intent-filter>
60-->src/main/AndroidManifest.xml:30:5-33:21
61                <action android:name="android.intent.action.MAIN" />
61-->src/main/AndroidManifest.xml:31:9-61
61-->src/main/AndroidManifest.xml:31:17-58
62
63                <category android:name="android.intent.category.LAUNCHER" />
63-->src/main/AndroidManifest.xml:32:9-69
63-->src/main/AndroidManifest.xml:32:19-66
64            </intent-filter>
65        </activity>
66        <activity
66-->src/main/AndroidManifest.xml:36:5-41:36
67            android:name="com.wall.mob.WelcomeActivity"
67-->src/main/AndroidManifest.xml:37:9-40
68            android:configChanges="orientation|screenSize|keyboardHidden|smallestScreenSize|screenLayout|uiMode|locale|layoutDirection"
68-->src/main/AndroidManifest.xml:38:9-132
69            android:exported="false"
69-->src/main/AndroidManifest.xml:41:9-33
70            android:hardwareAccelerated="true"
70-->src/main/AndroidManifest.xml:39:9-43
71            android:screenOrientation="portrait" />
71-->src/main/AndroidManifest.xml:40:9-45
72
73        <!-- Main Hub (Now internal, opened after successful login) -->
74        <activity
74-->src/main/AndroidManifest.xml:44:3-50:31
75            android:name="com.wall.mob.MainActivity"
75-->src/main/AndroidManifest.xml:45:4-32
76            android:configChanges="orientation|screenSize|keyboardHidden|smallestScreenSize|screenLayout|uiMode|locale|layoutDirection"
76-->src/main/AndroidManifest.xml:46:4-127
77            android:exported="false"
77-->src/main/AndroidManifest.xml:50:4-28
78            android:hardwareAccelerated="true"
78-->src/main/AndroidManifest.xml:47:4-38
79            android:screenOrientation="portrait"
79-->src/main/AndroidManifest.xml:49:4-40
80            android:supportsPictureInPicture="true" />
80-->src/main/AndroidManifest.xml:48:4-43
81        <activity
81-->src/main/AndroidManifest.xml:52:3-57:31
82            android:name="com.wall.mob.UnityAdActivity"
82-->src/main/AndroidManifest.xml:53:4-35
83            android:configChanges="orientation|screenSize|keyboardHidden|smallestScreenSize|screenLayout|uiMode|locale|layoutDirection"
83-->src/main/AndroidManifest.xml:54:4-127
84            android:exported="false"
84-->src/main/AndroidManifest.xml:57:4-28
85            android:hardwareAccelerated="true"
85-->src/main/AndroidManifest.xml:55:4-38
86            android:supportsPictureInPicture="true" />
86-->src/main/AndroidManifest.xml:56:4-43
87        <activity
87-->src/main/AndroidManifest.xml:59:3-64:31
88            android:name="com.wall.mob.RegisterActivity"
88-->src/main/AndroidManifest.xml:60:4-36
89            android:configChanges="orientation|screenSize|keyboardHidden|smallestScreenSize|screenLayout|uiMode|locale|layoutDirection"
89-->src/main/AndroidManifest.xml:61:4-127
90            android:exported="false"
90-->src/main/AndroidManifest.xml:64:4-28
91            android:hardwareAccelerated="true"
91-->src/main/AndroidManifest.xml:62:4-38
92            android:supportsPictureInPicture="true" />
92-->src/main/AndroidManifest.xml:63:4-43
93        <activity
93-->src/main/AndroidManifest.xml:66:3-71:31
94            android:name="com.wall.mob.ProfileActivity"
94-->src/main/AndroidManifest.xml:67:4-35
95            android:configChanges="orientation|screenSize|keyboardHidden|smallestScreenSize|screenLayout|locale|layoutDirection"
95-->src/main/AndroidManifest.xml:68:4-120
96            android:exported="false"
96-->src/main/AndroidManifest.xml:71:4-28
97            android:hardwareAccelerated="true"
97-->src/main/AndroidManifest.xml:69:4-38
98            android:supportsPictureInPicture="true" />
98-->src/main/AndroidManifest.xml:70:4-43
99        <activity
99-->src/main/AndroidManifest.xml:73:3-78:31
100            android:name="com.wall.mob.UploadWallpaperActivity"
100-->src/main/AndroidManifest.xml:74:4-43
101            android:configChanges="orientation|screenSize|keyboardHidden|smallestScreenSize|screenLayout|uiMode|locale|layoutDirection"
101-->src/main/AndroidManifest.xml:75:4-127
102            android:exported="false"
102-->src/main/AndroidManifest.xml:78:4-28
103            android:hardwareAccelerated="true"
103-->src/main/AndroidManifest.xml:76:4-38
104            android:supportsPictureInPicture="true" />
104-->src/main/AndroidManifest.xml:77:4-43
105        <activity
105-->src/main/AndroidManifest.xml:80:3-85:31
106            android:name="com.wall.mob.SearchActivity"
106-->src/main/AndroidManifest.xml:81:4-34
107            android:configChanges="orientation|screenSize|keyboardHidden|smallestScreenSize|screenLayout|uiMode|locale|layoutDirection"
107-->src/main/AndroidManifest.xml:82:4-127
108            android:exported="false"
108-->src/main/AndroidManifest.xml:85:4-28
109            android:hardwareAccelerated="true"
109-->src/main/AndroidManifest.xml:83:4-38
110            android:supportsPictureInPicture="true" />
110-->src/main/AndroidManifest.xml:84:4-43
111        <activity
111-->src/main/AndroidManifest.xml:87:3-92:31
112            android:name="com.wall.mob.ForgetActivity"
112-->src/main/AndroidManifest.xml:88:4-34
113            android:configChanges="orientation|screenSize|keyboardHidden|smallestScreenSize|screenLayout|uiMode|locale|layoutDirection"
113-->src/main/AndroidManifest.xml:89:4-127
114            android:exported="false"
114-->src/main/AndroidManifest.xml:92:4-28
115            android:hardwareAccelerated="true"
115-->src/main/AndroidManifest.xml:90:4-38
116            android:supportsPictureInPicture="true" />
116-->src/main/AndroidManifest.xml:91:4-43
117        <activity
117-->src/main/AndroidManifest.xml:94:3-99:31
118            android:name="com.wall.mob.NotificationsActivity"
118-->src/main/AndroidManifest.xml:95:4-41
119            android:configChanges="orientation|screenSize|keyboardHidden|smallestScreenSize|screenLayout|uiMode|locale|layoutDirection"
119-->src/main/AndroidManifest.xml:96:4-127
120            android:exported="false"
120-->src/main/AndroidManifest.xml:99:4-28
121            android:hardwareAccelerated="true"
121-->src/main/AndroidManifest.xml:97:4-38
122            android:supportsPictureInPicture="true" />
122-->src/main/AndroidManifest.xml:98:4-43
123        <activity
123-->src/main/AndroidManifest.xml:101:3-106:31
124            android:name="com.wall.mob.EditActivity"
124-->src/main/AndroidManifest.xml:102:4-32
125            android:configChanges="orientation|screenSize|keyboardHidden|smallestScreenSize|screenLayout|uiMode|locale|layoutDirection"
125-->src/main/AndroidManifest.xml:103:4-127
126            android:exported="false"
126-->src/main/AndroidManifest.xml:106:4-28
127            android:hardwareAccelerated="true"
127-->src/main/AndroidManifest.xml:104:4-38
128            android:supportsPictureInPicture="true" />
128-->src/main/AndroidManifest.xml:105:4-43
129        <activity
129-->src/main/AndroidManifest.xml:108:3-113:31
130            android:name="com.wall.mob.CategoryActivity"
130-->src/main/AndroidManifest.xml:109:4-36
131            android:configChanges="orientation|screenSize|keyboardHidden|smallestScreenSize|screenLayout|uiMode|locale|layoutDirection"
131-->src/main/AndroidManifest.xml:110:4-127
132            android:exported="false"
132-->src/main/AndroidManifest.xml:113:4-28
133            android:hardwareAccelerated="true"
133-->src/main/AndroidManifest.xml:111:4-38
134            android:supportsPictureInPicture="true" />
134-->src/main/AndroidManifest.xml:112:4-43
135        <activity
135-->src/main/AndroidManifest.xml:115:6-120:31
136            android:name="com.wall.mob.SeeAllActivity"
136-->src/main/AndroidManifest.xml:116:4-34
137            android:configChanges="orientation|screenSize|keyboardHidden|smallestScreenSize|screenLayout|uiMode|locale|layoutDirection"
137-->src/main/AndroidManifest.xml:117:4-127
138            android:exported="false"
138-->src/main/AndroidManifest.xml:120:4-28
139            android:hardwareAccelerated="true"
139-->src/main/AndroidManifest.xml:118:4-38
140            android:supportsPictureInPicture="true" />
140-->src/main/AndroidManifest.xml:119:4-43
141        <activity
141-->src/main/AndroidManifest.xml:122:3-126:31
142            android:name="com.wall.mob.DebugActivity"
142-->src/main/AndroidManifest.xml:123:4-33
143            android:exported="false"
143-->src/main/AndroidManifest.xml:126:4-28
144            android:screenOrientation="portrait"
144-->src/main/AndroidManifest.xml:124:4-40
145            android:theme="@style/AppTheme" />
145-->src/main/AndroidManifest.xml:125:4-35
146        <activity
146-->src/main/AndroidManifest.xml:128:3-133:40
147            android:name="com.wall.mob.CrashLogActivity"
147-->src/main/AndroidManifest.xml:129:4-36
148            android:excludeFromRecents="true"
148-->src/main/AndroidManifest.xml:133:4-37
149            android:exported="false"
149-->src/main/AndroidManifest.xml:132:4-28
150            android:screenOrientation="portrait"
150-->src/main/AndroidManifest.xml:130:4-40
151            android:theme="@style/AppTheme" />
151-->src/main/AndroidManifest.xml:131:4-35
152
153        <!-- Wallpaper details with deep links (Must remain exported="true") -->
154        <activity
154-->src/main/AndroidManifest.xml:136:3-162:14
155            android:name="com.wall.mob.WallpaperDetailsActivity"
155-->src/main/AndroidManifest.xml:137:4-44
156            android:exported="true"
156-->src/main/AndroidManifest.xml:138:4-27
157            android:launchMode="singleTop" >
157-->src/main/AndroidManifest.xml:139:4-34
158
159            <!-- New format: /w/{id} -->
160            <intent-filter android:autoVerify="true" >
160-->src/main/AndroidManifest.xml:142:4-150:20
160-->src/main/AndroidManifest.xml:142:19-44
161                <action android:name="android.intent.action.VIEW" />
161-->src/main/AndroidManifest.xml:143:5-57
161-->src/main/AndroidManifest.xml:143:13-54
162
163                <category android:name="android.intent.category.DEFAULT" />
163-->src/main/AndroidManifest.xml:144:5-64
163-->src/main/AndroidManifest.xml:144:15-61
164                <category android:name="android.intent.category.BROWSABLE" />
164-->src/main/AndroidManifest.xml:145:5-66
164-->src/main/AndroidManifest.xml:145:15-63
165
166                <data
166-->src/main/AndroidManifest.xml:146:5-149:32
167                    android:host="wallmob.pages.dev"
167-->src/main/AndroidManifest.xml:148:6-38
168                    android:pathPrefix="/w"
168-->src/main/AndroidManifest.xml:149:6-29
169                    android:scheme="https" />
169-->src/main/AndroidManifest.xml:147:6-28
170            </intent-filter>
171
172            <!-- Old format: /wallpaper?query=params -->
173            <intent-filter android:autoVerify="true" >
173-->src/main/AndroidManifest.xml:153:4-161:20
173-->src/main/AndroidManifest.xml:153:19-44
174                <action android:name="android.intent.action.VIEW" />
174-->src/main/AndroidManifest.xml:143:5-57
174-->src/main/AndroidManifest.xml:143:13-54
175
176                <category android:name="android.intent.category.DEFAULT" />
176-->src/main/AndroidManifest.xml:144:5-64
176-->src/main/AndroidManifest.xml:144:15-61
177                <category android:name="android.intent.category.BROWSABLE" />
177-->src/main/AndroidManifest.xml:145:5-66
177-->src/main/AndroidManifest.xml:145:15-63
178
179                <data
179-->src/main/AndroidManifest.xml:146:5-149:32
180                    android:host="wallmob.pages.dev"
180-->src/main/AndroidManifest.xml:148:6-38
181                    android:path="/wallpaper"
181-->src/main/AndroidManifest.xml:160:6-31
182                    android:scheme="https" />
182-->src/main/AndroidManifest.xml:147:6-28
183            </intent-filter>
184        </activity>
185        <activity
185-->src/main/AndroidManifest.xml:164:3-168:38
186            android:name="com.wall.mob.NoInternetActivity"
186-->src/main/AndroidManifest.xml:165:4-38
187            android:excludeFromRecents="true"
187-->src/main/AndroidManifest.xml:167:4-37
188            android:exported="false"
188-->src/main/AndroidManifest.xml:166:4-28
189            android:theme="@style/AppTheme" />
189-->src/main/AndroidManifest.xml:168:4-35
190        <activity
190-->src/main/AndroidManifest.xml:171:4-173:31
191            android:name="com.wall.mob.AdminActivity"
191-->src/main/AndroidManifest.xml:171:14-43
192            android:configChanges="orientation|screenSize|keyboardHidden|smallestScreenSize|screenLayout|uiMode|locale|layoutDirection"
192-->src/main/AndroidManifest.xml:172:4-127
193            android:exported="false" />
193-->src/main/AndroidManifest.xml:173:4-28
194        <activity
194-->src/main/AndroidManifest.xml:175:4-177:31
195            android:name="com.wall.mob.SettingsActivity"
195-->src/main/AndroidManifest.xml:175:14-46
196            android:configChanges="orientation|screenSize|keyboardHidden|smallestScreenSize|screenLayout|uiMode|locale|layoutDirection"
196-->src/main/AndroidManifest.xml:176:4-127
197            android:exported="false" />
197-->src/main/AndroidManifest.xml:177:4-28
198
199        <!-- Unity Ads SDK Activities -->
200        <activity
200-->src/main/AndroidManifest.xml:180:3-185:65
201            android:name="com.unity3d.services.ads.adunit.AdUnitActivity"
201-->src/main/AndroidManifest.xml:181:4-65
202            android:configChanges="fontScale|keyboard|keyboardHidden|locale|mnc|mcc|navigation|orientation|screenLayout|screenSize|smallestScreenSize|uiMode|touchscreen"
202-->src/main/AndroidManifest.xml:182:4-161
203            android:exported="false"
203-->src/main/AndroidManifest.xml:183:4-28
204            android:hardwareAccelerated="true"
204-->src/main/AndroidManifest.xml:184:4-38
205            android:theme="@android:style/Theme.NoTitleBar.Fullscreen" />
205-->src/main/AndroidManifest.xml:185:4-62
206        <activity
206-->src/main/AndroidManifest.xml:187:3-192:65
207            android:name="com.unity3d.services.ads.adunit.AdUnitSoftwareActivity"
207-->src/main/AndroidManifest.xml:188:4-73
208            android:configChanges="fontScale|keyboard|keyboardHidden|locale|mnc|mcc|navigation|orientation|screenLayout|screenSize|smallestScreenSize|uiMode|touchscreen"
208-->src/main/AndroidManifest.xml:189:4-161
209            android:exported="false"
209-->src/main/AndroidManifest.xml:190:4-28
210            android:hardwareAccelerated="false"
210-->src/main/AndroidManifest.xml:191:4-39
211            android:theme="@android:style/Theme.NoTitleBar.Fullscreen" />
211-->src/main/AndroidManifest.xml:192:4-62
212
213        <!-- Jetpack Startup Provider -->
214        <provider
214-->src/main/AndroidManifest.xml:195:3-205:14
215            android:name="androidx.startup.InitializationProvider"
215-->src/main/AndroidManifest.xml:196:4-58
216            android:authorities="com.wall.mob.androidx-startup"
216-->src/main/AndroidManifest.xml:197:4-55
217            android:exported="false" >
217-->src/main/AndroidManifest.xml:198:4-28
218            <meta-data
218-->src/main/AndroidManifest.xml:199:4-201:40
219                android:name="androidx.lifecycle.ProcessLifecycleInitializer"
219-->src/main/AndroidManifest.xml:200:5-66
220                android:value="androidx.startup" />
220-->src/main/AndroidManifest.xml:201:5-37
221            <meta-data
221-->src/main/AndroidManifest.xml:202:4-204:40
222                android:name="androidx.emoji2.text.EmojiCompatInitializer"
222-->src/main/AndroidManifest.xml:203:5-63
223                android:value="androidx.startup" />
223-->src/main/AndroidManifest.xml:204:5-37
224            <meta-data
224-->[com.unity3d.ads:unity-ads:4.10.0] AndroidManifest.xml:51:13-53:52
225                android:name="com.unity3d.services.core.configuration.AdsSdkInitializer"
225-->[com.unity3d.ads:unity-ads:4.10.0] AndroidManifest.xml:52:17-89
226                android:value="androidx.startup" />
226-->[com.unity3d.ads:unity-ads:4.10.0] AndroidManifest.xml:53:17-49
227            <meta-data
227-->[androidx.work:work-runtime:2.8.1] AndroidManifest.xml:34:13-36:52
228                android:name="androidx.work.WorkManagerInitializer"
228-->[androidx.work:work-runtime:2.8.1] AndroidManifest.xml:35:17-68
229                android:value="androidx.startup" />
229-->[androidx.work:work-runtime:2.8.1] AndroidManifest.xml:36:17-49
230            <meta-data
230-->[androidx.profileinstaller:profileinstaller:1.3.0] AndroidManifest.xml:29:13-31:52
231                android:name="androidx.profileinstaller.ProfileInstallerInitializer"
231-->[androidx.profileinstaller:profileinstaller:1.3.0] AndroidManifest.xml:30:17-85
232                android:value="androidx.startup" />
232-->[androidx.profileinstaller:profileinstaller:1.3.0] AndroidManifest.xml:31:17-49
233        </provider>
234
235        <!-- File Provider for sharing/saving paths -->
236        <provider
236-->src/main/AndroidManifest.xml:208:3-216:14
237            android:name="androidx.core.content.FileProvider"
237-->src/main/AndroidManifest.xml:209:4-53
238            android:authorities="com.wall.mob.provider"
238-->src/main/AndroidManifest.xml:210:4-47
239            android:exported="false"
239-->src/main/AndroidManifest.xml:211:4-28
240            android:grantUriPermissions="true" >
240-->src/main/AndroidManifest.xml:212:4-38
241            <meta-data
241-->src/main/AndroidManifest.xml:213:4-215:42
242                android:name="android.support.FILE_PROVIDER_PATHS"
242-->src/main/AndroidManifest.xml:214:5-55
243                android:resource="@xml/file_paths" />
243-->src/main/AndroidManifest.xml:215:5-39
244        </provider>
245
246        <!-- Firebase Init Provider -->
247        <provider
247-->src/main/AndroidManifest.xml:219:3-223:30
248            android:name="com.google.firebase.provider.FirebaseInitProvider"
248-->src/main/AndroidManifest.xml:220:4-68
249            android:authorities="com.wall.mob.firebaseinitprovider"
249-->src/main/AndroidManifest.xml:221:4-59
250            android:directBootAware="true"
250-->[com.google.firebase:firebase-common:20.4.2] AndroidManifest.xml:26:13-43
251            android:exported="false"
251-->src/main/AndroidManifest.xml:222:4-28
252            android:initOrder="100" />
252-->src/main/AndroidManifest.xml:223:4-27
253
254        <!-- SDK Meta Data Configuration -->
255        <meta-data
255-->src/main/AndroidManifest.xml:226:3-228:60
256            android:name="com.google.android.gms.version"
256-->src/main/AndroidManifest.xml:227:4-49
257            android:value="@integer/google_play_services_version" />
257-->src/main/AndroidManifest.xml:228:4-57
258        <meta-data
258-->src/main/AndroidManifest.xml:230:3-232:44
259            android:name="com.google.firebase.messaging.default_notification_channel_id"
259-->src/main/AndroidManifest.xml:231:4-80
260            android:value="wallmob_notifications" />
260-->src/main/AndroidManifest.xml:232:4-41
261        <meta-data
261-->src/main/AndroidManifest.xml:234:3-236:51
262            android:name="com.google.firebase.messaging.default_notification_icon"
262-->src/main/AndroidManifest.xml:235:4-74
263            android:resource="@drawable/ic_notification" />
263-->src/main/AndroidManifest.xml:236:4-48
264        <meta-data
264-->src/main/AndroidManifest.xml:238:3-240:53
265            android:name="com.google.firebase.messaging.default_notification_color"
265-->src/main/AndroidManifest.xml:239:4-75
266            android:resource="@color/notification_default" />
266-->src/main/AndroidManifest.xml:240:4-50
267        <meta-data
267-->src/main/AndroidManifest.xml:242:3-244:28
268            android:name="firebase_analytics_collection_deactivated"
268-->src/main/AndroidManifest.xml:243:4-60
269            android:value="false" />
269-->src/main/AndroidManifest.xml:244:4-25
270
271        <!-- Facebook Login -->
272        <meta-data
272-->src/main/AndroidManifest.xml:247:3-249:46
273            android:name="com.facebook.sdk.ApplicationId"
273-->src/main/AndroidManifest.xml:248:4-49
274            android:value="@string/facebook_app_id" />
274-->src/main/AndroidManifest.xml:249:4-43
275        <meta-data
275-->src/main/AndroidManifest.xml:250:3-252:52
276            android:name="com.facebook.sdk.ClientToken"
276-->src/main/AndroidManifest.xml:251:4-47
277            android:value="@string/facebook_client_token" />
277-->src/main/AndroidManifest.xml:252:4-49
278
279        <activity
279-->src/main/AndroidManifest.xml:254:3-264:14
280            android:name="com.facebook.FacebookActivity"
280-->src/main/AndroidManifest.xml:255:4-48
281            android:configChanges="keyboard|keyboardHidden|screenLayout|screenSize|orientation"
281-->src/main/AndroidManifest.xml:256:4-87
282            android:exported="true"
282-->src/main/AndroidManifest.xml:257:4-27
283            android:theme="@style/com_facebook_activity_theme" >
283-->[com.facebook.android:facebook-common:16.3.0] AndroidManifest.xml:25:13-63
284            <intent-filter>
284-->src/main/AndroidManifest.xml:258:4-263:20
285                <action android:name="android.intent.action.VIEW" />
285-->src/main/AndroidManifest.xml:143:5-57
285-->src/main/AndroidManifest.xml:143:13-54
286
287                <category android:name="android.intent.category.DEFAULT" />
287-->src/main/AndroidManifest.xml:144:5-64
287-->src/main/AndroidManifest.xml:144:15-61
288                <category android:name="android.intent.category.BROWSABLE" />
288-->src/main/AndroidManifest.xml:145:5-66
288-->src/main/AndroidManifest.xml:145:15-63
289
290                <data android:scheme="@string/fb_login_protocol_scheme" />
290-->src/main/AndroidManifest.xml:146:5-149:32
290-->src/main/AndroidManifest.xml:147:6-28
291            </intent-filter>
292        </activity>
293        <activity
293-->[com.unity3d.ads:unity-ads:4.10.0] AndroidManifest.xml:19:9-24:86
294            android:name="com.unity3d.services.ads.adunit.AdUnitTransparentActivity"
294-->[com.unity3d.ads:unity-ads:4.10.0] AndroidManifest.xml:20:13-85
295            android:configChanges="fontScale|keyboard|keyboardHidden|locale|mnc|mcc|navigation|orientation|screenLayout|screenSize|smallestScreenSize|uiMode|touchscreen"
295-->[com.unity3d.ads:unity-ads:4.10.0] AndroidManifest.xml:21:13-170
296            android:exported="false"
296-->[com.unity3d.ads:unity-ads:4.10.0] AndroidManifest.xml:22:13-37
297            android:hardwareAccelerated="true"
297-->[com.unity3d.ads:unity-ads:4.10.0] AndroidManifest.xml:23:13-47
298            android:theme="@android:style/Theme.Translucent.NoTitleBar.Fullscreen" />
298-->[com.unity3d.ads:unity-ads:4.10.0] AndroidManifest.xml:24:13-83
299        <activity
299-->[com.unity3d.ads:unity-ads:4.10.0] AndroidManifest.xml:25:9-30:86
300            android:name="com.unity3d.services.ads.adunit.AdUnitTransparentSoftwareActivity"
300-->[com.unity3d.ads:unity-ads:4.10.0] AndroidManifest.xml:26:13-93
301            android:configChanges="fontScale|keyboard|keyboardHidden|locale|mnc|mcc|navigation|orientation|screenLayout|screenSize|smallestScreenSize|uiMode|touchscreen"
301-->[com.unity3d.ads:unity-ads:4.10.0] AndroidManifest.xml:27:13-170
302            android:exported="false"
302-->[com.unity3d.ads:unity-ads:4.10.0] AndroidManifest.xml:28:13-37
303            android:hardwareAccelerated="false"
303-->[com.unity3d.ads:unity-ads:4.10.0] AndroidManifest.xml:29:13-48
304            android:theme="@android:style/Theme.Translucent.NoTitleBar.Fullscreen" />
304-->[com.unity3d.ads:unity-ads:4.10.0] AndroidManifest.xml:30:13-83
305        <activity
305-->[com.unity3d.ads:unity-ads:4.10.0] AndroidManifest.xml:37:9-42:74
306            android:name="com.unity3d.ads.adplayer.FullScreenWebViewDisplay"
306-->[com.unity3d.ads:unity-ads:4.10.0] AndroidManifest.xml:38:13-77
307            android:configChanges="fontScale|keyboard|keyboardHidden|locale|mnc|mcc|navigation|orientation|screenLayout|screenSize|smallestScreenSize|uiMode|touchscreen"
307-->[com.unity3d.ads:unity-ads:4.10.0] AndroidManifest.xml:39:13-170
308            android:exported="false"